<?xml version="1.0" encoding="UTF-8"?>
<!-- Generated by org.testng.reporters.JUnitXMLReporter -->
<testsuite hostname="admin-PC" ignored="0" name="Test" tests="3" failures="0" timestamp="06 Nov 2019 05:12:25 GMT" time="84.744" errors="0">
  <testcase name="SearchOpportunityByContainsOptionWithValidCharacterTc_53Test" time="11.095" classname="com.vtiger.opportunity.SearchOpportunityByContainsOptionWithValidCharactereTc_53"/>
  <testcase name="SearchOpportunityByContainsOptionWithValidNameTc_48Test" time="10.04" classname="com.vtiger.opportunity.SearchOpportunityByContainsOptionWithValidNameTc_48"/>
  <testcase name="SearchOpportunityByEqualsOptionWithValidNameTc_45Test" time="9.109" classname="com.vtiger.opportunity.SearchOpportunityByEqualsOptionWithValidNameTc_45"/>
</testsuite> <!-- Test -->
