<?xml version="1.0" encoding="UTF-8"?>
<testng-results skipped="0" failed="0" ignored="0" total="1" passed="1">
  <reporter-output>
    <line>
      <![CDATA[Browser Launched..]]>
    </line>
    <line>
      <![CDATA[User Succesfully LogedIn]]>
    </line>
    <line>
      <![CDATA[Navigated to opportunity & clicked successfully.. ]]>
    </line>
    <line>
      <![CDATA[Related all Opportunities displayed..]]>
    </line>
    <line>
      <![CDATA[User Successfully Loged Out..]]>
    </line>
    <line>
      <![CDATA[Browser Closed..]]>
    </line>
  </reporter-output>
  <suite name="Failed suite [Default suite]" duration-ms="29142" started-at="2019-11-07T07:43:32Z" finished-at="2019-11-07T07:44:01Z">
    <groups>
    </groups>
    <test name="Default test(failed)" duration-ms="29142" started-at="2019-11-07T07:43:32Z" finished-at="2019-11-07T07:44:01Z">
      <class name="com.vtiger.opportunity.SearchOpportunityNameByCharTc_55">
        <test-method status="PASS" signature="configBC()[pri:0, instance:com.vtiger.opportunity.SearchOpportunityNameByCharTc_55@1794d431]" name="configBC" is-config="true" duration-ms="9429" started-at="2019-11-07T07:43:32Z" finished-at="2019-11-07T07:43:41Z">
          <reporter-output>
            <line>
              <![CDATA[Browser Launched..]]>
            </line>
          </reporter-output>
        </test-method> <!-- configBC -->
        <test-method status="PASS" signature="configBM()[pri:0, instance:com.vtiger.opportunity.SearchOpportunityNameByCharTc_55@1794d431]" name="configBM" is-config="true" duration-ms="6790" started-at="2019-11-07T07:43:41Z" finished-at="2019-11-07T07:43:48Z">
          <reporter-output>
            <line>
              <![CDATA[User Succesfully LogedIn]]>
            </line>
          </reporter-output>
        </test-method> <!-- configBM -->
        <test-method status="PASS" signature="SearchOpportunityNameByCharTc_55Test()[pri:0, instance:com.vtiger.opportunity.SearchOpportunityNameByCharTc_55@1794d431]" name="SearchOpportunityNameByCharTc_55Test" duration-ms="9562" started-at="2019-11-07T07:43:48Z" finished-at="2019-11-07T07:43:58Z">
          <reporter-output>
            <line>
              <![CDATA[Navigated to opportunity & clicked successfully.. ]]>
            </line>
            <line>
              <![CDATA[Related all Opportunities displayed..]]>
            </line>
          </reporter-output>
        </test-method> <!-- SearchOpportunityNameByCharTc_55Test -->
        <test-method status="PASS" signature="configAM()[pri:0, instance:com.vtiger.opportunity.SearchOpportunityNameByCharTc_55@1794d431]" name="configAM" is-config="true" duration-ms="359" started-at="2019-11-07T07:43:58Z" finished-at="2019-11-07T07:43:58Z">
          <reporter-output>
            <line>
              <![CDATA[User Successfully Loged Out..]]>
            </line>
          </reporter-output>
        </test-method> <!-- configAM -->
        <test-method status="PASS" signature="configAC()[pri:0, instance:com.vtiger.opportunity.SearchOpportunityNameByCharTc_55@1794d431]" name="configAC" is-config="true" duration-ms="2984" started-at="2019-11-07T07:43:58Z" finished-at="2019-11-07T07:44:01Z">
          <reporter-output>
            <line>
              <![CDATA[Browser Closed..]]>
            </line>
          </reporter-output>
        </test-method> <!-- configAC -->
      </class> <!-- com.vtiger.opportunity.SearchOpportunityNameByCharTc_55 -->
    </test> <!-- Default test(failed) -->
  </suite> <!-- Failed suite [Default suite] -->
</testng-results>
